<?xml version="1.0" encoding="UTF-8"?>
<coverage generated="1620248263087" clover="3.2.0">
  <project timestamp="1620248263088" name="All files">
    <metrics statements="21" coveredstatements="21" conditionals="4" coveredconditionals="3" methods="7" coveredmethods="7" elements="32" coveredelements="31" complexity="0" loc="21" ncloc="21" packages="1" files="1" classes="1"/>
    <file name="account.js" path="/Users/alec/Projects/makers-course/afternoon-challenges/bank-tech-test/js/Account/account.js">
      <metrics statements="21" coveredstatements="21" conditionals="4" coveredconditionals="3" methods="7" coveredmethods="7"/>
      <line num="3" count="12" type="stmt"/>
      <line num="4" count="12" type="stmt"/>
      <line num="8" count="9" type="stmt"/>
      <line num="9" count="9" type="stmt"/>
      <line num="13" count="7" type="stmt"/>
      <line num="14" count="7" type="stmt"/>
      <line num="18" count="10" type="stmt"/>
      <line num="19" count="10" type="stmt"/>
      <line num="20" count="13" type="stmt"/>
      <line num="22" count="10" type="stmt"/>
      <line num="23" count="10" type="stmt"/>
      <line num="27" count="1" type="stmt"/>
      <line num="31" count="16" type="stmt"/>
      <line num="32" count="16" type="stmt"/>
      <line num="33" count="16" type="stmt"/>
      <line num="34" count="16" type="stmt"/>
      <line num="38" count="13" type="cond" truecount="2" falsecount="0"/>
      <line num="39" count="7" type="stmt"/>
      <line num="40" count="6" type="cond" truecount="1" falsecount="1"/>
      <line num="41" count="6" type="stmt"/>
      <line num="46" count="1" type="stmt"/>
    </file>
  </project>
</coverage>
