TN:
SF:js/Account/account.js
FN:2,(anonymous_0)
FN:7,(anonymous_1)
FN:12,(anonymous_2)
FN:17,(anonymous_3)
FN:19,(anonymous_4)
FN:30,(anonymous_5)
FN:37,(anonymous_6)
FNF:7
FNH:7
FNDA:12,(anonymous_0)
FNDA:9,(anonymous_1)
FNDA:7,(anonymous_2)
FNDA:10,(anonymous_3)
FNDA:13,(anonymous_4)
FNDA:16,(anonymous_5)
FNDA:13,(anonymous_6)
DA:3,12
DA:4,12
DA:8,9
DA:9,9
DA:13,7
DA:14,7
DA:18,10
DA:19,10
DA:20,13
DA:22,10
DA:23,10
DA:27,1
DA:31,16
DA:32,16
DA:33,16
DA:34,16
DA:38,13
DA:39,7
DA:40,6
DA:41,6
DA:46,1
LF:21
LH:21
BRDA:38,0,0,7
BRDA:38,0,1,6
BRDA:40,1,0,6
BRDA:40,1,1,0
BRF:4
BRH:3
end_of_record
